<?xml version="1.0" encoding="UTF-8"?>
<!-- Generated by org.testng.reporters.JUnitReportReporter -->
<testsuite hostname="LAPTOP-80GLBEN5" failures="0" tests="1" name="testPackage.SampleTests" time="14.147" errors="0" timestamp="2022-03-23T08:38:53 IST" skipped="0">
  <testcase classname="testPackage.SampleTests" name="sortElementsCheck" time="14.147"/>
  <system-out/>
</testsuite> <!-- testPackage.SampleTests -->
