<?xml version="1.0" encoding="UTF-8"?>
<!-- Generated by org.testng.reporters.JUnitReportReporter -->
<testsuite hostname="LAPTOP-80GLBEN5" failures="0" tests="1" name="testPackage.SampleTests" time="67.873" errors="0" timestamp="2022-04-07T10:26:24 IST" skipped="0">
  <testcase classname="testPackage.SampleTests" name="performOperations" time="67.873"/>
  <system-out/>
</testsuite> <!-- testPackage.SampleTests -->
