<?xml version="1.0" encoding="UTF-8"?>
<!-- Generated by org.testng.reporters.JUnitReportReporter -->
<testsuite hostname="LAPTOP-80GLBEN5" failures="0" tests="1" name="testPackage.SampleTests" time="11.320" errors="0" timestamp="2022-04-05T08:38:55 IST" skipped="0">
  <testcase classname="testPackage.SampleTests" name="ensureURL" time="11.320"/>
  <system-out/>
</testsuite> <!-- testPackage.SampleTests -->
