<?xml version="1.0" encoding="UTF-8"?>
<!-- Generated by org.testng.reporters.JUnitReportReporter -->
<testsuite hostname="LAPTOP-80GLBEN5" failures="0" tests="1" name="testPackage.SampleTests" time="8.191" errors="0" timestamp="2022-04-07T12:39:29 IST" skipped="0">
  <testcase classname="testPackage.SampleTests" name="ClickElements" time="8.191"/>
  <system-out/>
</testsuite> <!-- testPackage.SampleTests -->
