<?xml version="1.0" encoding="UTF-8"?>
<!-- Generated by org.testng.reporters.JUnitReportReporter -->
<testsuite hostname="LTIN344470" failures="0" tests="1" name="Base.Automation_Feasible.ProjectBase" time="6.961" errors="0" timestamp="2022-01-04T15:53:44 IST" skipped="0">
  <testcase classname="Base.Automation_Feasible.ProjectBase" name="invoke" time="6.961"/>
  <system-out/>
</testsuite> <!-- Base.Automation_Feasible.ProjectBase -->
