<?xml version="1.0" encoding="UTF-8"?>
<!-- Generated by org.testng.reporters.JUnitReportReporter -->
<testsuite hostname="LTIN344470" failures="0" tests="1" name="testPackage.SampleTests" time="18.490" errors="0" timestamp="2022-03-11T09:13:33 IST" skipped="0">
  <testcase classname="testPackage.SampleTests" name="navigate" time="18.490"/>
  <system-out/>
</testsuite> <!-- testPackage.SampleTests -->
