<?xml version="1.0" encoding="UTF-8"?>
<!-- Generated by org.testng.reporters.JUnitReportReporter -->
<testsuite hostname="LAPTOP-80GLBEN5" failures="0" tests="1" name="FacebookTests.FacebookTest" time="27.746" errors="0" timestamp="2022-04-05T09:06:03 IST" skipped="0">
  <testcase classname="FacebookTests.FacebookTest" name="ensureURL" time="27.746"/>
  <system-out/>
</testsuite> <!-- FacebookTests.FacebookTest -->
