<?xml version="1.0" encoding="UTF-8"?>
<!-- Generated by org.testng.reporters.JUnitReportReporter -->
<testsuite hostname="LAPTOP-80GLBEN5" failures="0" tests="1" name="testPackage.SampleTests" time="13.987" errors="0" timestamp="2022-03-20T07:37:31 IST" skipped="0">
  <testcase classname="testPackage.SampleTests" name="sortElementsCheck" time="13.987"/>
  <system-out/>
</testsuite> <!-- testPackage.SampleTests -->
